542	taipingyang
541	abcd
539	分销商分销商
537	123旅行社
527	hihi公司
524	汇联公司
523	qafx零零二一
522	qafx零零二零
520	dfdfdff
517	李布衣
506	孵化中心
505	哈哈公司
504	哈哈哈
501	sadfa
497	awaf
496	fsda
495	fdadf
494	adsf
493	张亮
492	小平1号
490	小平故里
489	小平
488	j
487	yanshi
485	杭州西湖1122
484	杭州西湖11
483	杭州西湖1
482	杭州西湖
481	B
480	lzt旅行社
479	aaa旅行社
478	A旅行社
475	信阳豫港
474	景旅通
473	运营
472	孵化12楼
468	天马旅行社
467	惬客Online
462	江橙子
476	旅行社
453	q
452	窑湾测1
451	窑湾测
448	shanghchunguang
444	分销商赵照照
433	asdfasdf
432	来这里旅行
427	w
425	上海汇联
419	张峰
418	说走就走
416	测试089
415	劲旅网
414	张三
413	景旅通运营测试
416	测试089
415	劲旅网
414	张三
413	景旅通运营测试
411	杭州悦动（作废）
407	drfgewyretw
401	张宝
399	为为旅游
398	增涛李一人有限公司
397	北京金三科技
393	南京王永杰
383	上海查理公司
382	查理公司
379	ME11
378	阿娇哦哦解放军哦哦
377	从无世界阿拉蕾
376	ACB旅行社
375	电子孔庙
373	jla了大家了解
372	xpffx12
371	xpffx11
370	xpffx10
369	上海型阳旅行社
368	xpffx9
367	xpffx8
361	xpffx07
360	xpffx01
353	dawdawda
352	dawdawd
351	1
4	23世纪旅行社
343	22世纪旅行社
34	yunying321
328	qa本地01分销商
326	GO123
323	rgft
322	国际孵化中心
285	lashou
277	www
272	nishishui
70	逍遥旅行社2
268	ccc
267	aaaaaaa
263	AAAAAA
262	bbb
261	AAAAA
260	123
259	分销商一号
256	测试旅行社
252	哈哈一组
250	上海
249	腾龙旅行社
48	朱峰旅行社
243	鑫森淼焱垚
242	汇联
240	raosheng
238	运营部分销商
236	123123
235	rtew
234	RIUO
232	TYYYY
231	逛逛旅行社
229	huilian
228	航空工业公司
218	运营部测试
211	fdsa
210	分销1112
209	行销
207	23213
206	公司
203	测试
202	发放
201	sdsd
200	afaa
199	阿萨
197	1.23123E+11
196	大音城
195	啊啊
194	小分销
192	1wwerr
189	huilian_test_zqf
188	分销商001
187	分销商110
186	哈哈小学
181	嘿嘿
180	dfaf
177	13234
176	eweq
175	33
173	dnasdna
171	dasdas
168	新型火车
165	南美风景
161	dffdf
159	letiangongyingshang
157	分发生的
154	大音城旅行社
153	而威尔43
152	而威尔
151	rewrewr
150	eeeee
148	wwww
146	43423
145	黑色幽默
142	忆如
135	名字103
134	名字102
133	名字101
132	名字100
131	名字99
130	名字98
129	名字97
128	名字96
127	名字95
126	名字94
125	名字93
124	名字92
123	名字91
122	名字90
121	名字89
120	名字88
119	名字87
118	名字86
117	名字85
116	名字84
115	名字83
114	名字82
113	名字81
112	名字80
111	名字79
110	名字78
109	名字77
108	名字76
107	名字75
106	名字74
105	名字73
104	名字72
103	名字71
102	名字70
101	名字69
100	名字68
99	名字67
98	名字66
97	名字65
96	名字64
95	名字63
94	名字62
93	名字61
92	名字60
91	名字59
90	名字58
89	名字57
88	名字56
87	名字55
86	名字54
85	名字53
84	名字52
83	名字51
82	名字50
81	名字49
80	名字48
79	名字47
78	名字46
77	名字45
76	名字44
75	名字43
74	名字42
73	名字41
72	名字40
71	名字39
70	名字38
69	名字37
68	名字36
67	名字35
66	名字34
65	名字33
64	名字32
63	名字31
62	名字30
61	名字29
60	名字28
59	名字27
58	名字26
57	名字25
56	名字24
55	名字23
54	名字22
53	名字21
52	名字20
51	名字19
50	名字18
49	名字17
48	名字16
47	名字15
45	名字13
44	名字12
43	名字11
41	名字9
40	名字8
39	名字7
38	名字6
37	名字5
36	名字4
35	名字3
34	名字2
33	名字1