544	lairunping 南京中山陵	赖润平
286	dengyunhua 八斗供应商	邓云花
13	shanghai2 老齐供应商	齐艳辉
166	gllysletian0823 乐乐天的供应商	张乐天
548	fangjingqu3 汇联仿景区	景区
549	damojingqu 大漠	大漠景区
470	weijingdian 微景点供应商	微景点
503	lvjunli lvjunli	吕俊利
198	qagy10 JE供应10	徐勇
204	上海浙风国际旅行社有限公司
214	南平市旅游局
222	景旅通运营部
251	新沂骆马湖旅游发展有限公司
258	浙江蛇蟠岛旅游开发有限公司
380	蛇蟠岛景区
423	安徽宁皇旅游开发有限公司
430	杭州新沙岛旅游开发有限公司
445	自由行供应商
450	龙岩市旅游集散中心
455	商用体验供应商
465	港中旅信阳鸡公山文化旅游发展有限公司
469	广安伟人故里景区服务有限责任公司
470	微景点供应商
499	河南黛眉山原始生态文化旅游开发有限公司
306	宁国春秋旅行社有限公司
276	三门农博园（浙江春日农业发展有限公司）
284	山东亲情沂蒙集团
544	南京中山陵
549	大漠
300	黄山市中青国际旅行社有限公司屯溪分公司 
278	深圳太平洋国际旅行社
246	三清山
233	云山景区