2015/02/12 15:01:36 [error] [exception.CHttpException.403] exception 'CHttpException' with message '你没有权限进行此操作，如有需要，请联系上级管理员提供权限。' in /Applications/web/ticket_agency/application/protected/components/Controller.php:125
Stack trace:
#0 /Applications/web/ticket_agency/application/protected/controllers/SiteController.php(31): Controller->onUnauthorizedAccess('')
#1 /Applications/web/ticket_agency/framework/web/actions/CInlineAction.php(50): SiteController->actionIndex()
#2 /Applications/web/ticket_agency/framework/web/CController.php(300): CInlineAction->runWithParams(Array)
#3 /Applications/web/ticket_agency/framework/web/filters/CFilterChain.php(134): CController->runAction(Object(CInlineAction))
#4 /Applications/web/ticket_agency/framework/web/filters/CFilter.php(41): CFilterChain->run()
#5 /Applications/web/ticket_agency/framework/web/CController.php(1144): CFilter->filter(Object(CFilterChain))
#6 /Applications/web/ticket_agency/framework/web/filters/CInlineFilter.php(59): CController->filterAccessControl(Object(CFilterChain))
#7 /Applications/web/ticket_agency/framework/web/filters/CFilterChain.php(131): CInlineFilter->filter(Object(CFilterChain))
#8 /Applications/web/ticket_agency/framework/web/CController.php(283): CFilterChain->run()
#9 /Applications/web/ticket_agency/framework/web/CController.php(257): CController->runActionWithFilters(Object(CInlineAction), Array)
#10 /Applications/web/ticket_agency/framework/web/CWebApplication.php(277): CController->run('')
#11 /Applications/web/ticket_agency/framework/web/CWebApplication.php(136): CWebApplication->runController('')
#12 /Applications/web/ticket_agency/framework/base/CApplication.php(159): CWebApplication->processRequest()
#13 /Applications/web/ticket_agency/application/index.php(22): CApplication->run()
#14 {main} REQUEST_URI=/
2015/02/12 15:01:36 [error] [exception.CHttpException.404] exception 'CHttpException' with message '无法解析请求 "js/jquery-1.7.2.min.js"。' in /Applications/web/ticket_agency/framework/web/CWebApplication.php:281
Stack trace:
#0 /Applications/web/ticket_agency/framework/web/CWebApplication.php(136): CWebApplication->runController('js/jquery-1.7.2...')
#1 /Applications/web/ticket_agency/framework/base/CApplication.php(159): CWebApplication->processRequest()
#2 /Applications/web/ticket_agency/application/index.php(22): CApplication->run()
#3 {main} REQUEST_URI=/js/jquery-1.7.2.min.js
2015/02/12 15:01:36 [error] [exception.CHttpException.404] exception 'CHttpException' with message '无法解析请求 "css/common.css"。' in /Applications/web/ticket_agency/framework/web/CWebApplication.php:281
Stack trace:
#0 /Applications/web/ticket_agency/framework/web/CWebApplication.php(136): CWebApplication->runController('css/common.css')
#1 /Applications/web/ticket_agency/framework/base/CApplication.php(159): CWebApplication->processRequest()
#2 /Applications/web/ticket_agency/application/index.php(22): CApplication->run()
#3 {main} REQUEST_URI=/css/common.css
2015/02/12 15:01:36 [error] [exception.CHttpException.404] exception 'CHttpException' with message '无法解析请求 "js/artDialog/skins/blue.css"。' in /Applications/web/ticket_agency/framework/web/CWebApplication.php:281
Stack trace:
#0 /Applications/web/ticket_agency/framework/web/CWebApplication.php(136): CWebApplication->runController('js/artDialog/sk...')
#1 /Applications/web/ticket_agency/framework/base/CApplication.php(159): CWebApplication->processRequest()
#2 /Applications/web/ticket_agency/application/index.php(22): CApplication->run()
#3 {main} REQUEST_URI=/js/artDialog/skins/blue.css
2015/02/12 15:20:52 [error] [exception.CHttpException.403] exception 'CHttpException' with message '你没有权限进行此操作，如有需要，请联系上级管理员提供权限。' in /Applications/web/ticket_agency/application/protected/components/Controller.php:125
Stack trace:
#0 /Applications/web/ticket_agency/application/protected/controllers/SiteController.php(31): Controller->onUnauthorizedAccess('')
#1 /Applications/web/ticket_agency/framework/web/actions/CInlineAction.php(50): SiteController->actionIndex()
#2 /Applications/web/ticket_agency/framework/web/CController.php(300): CInlineAction->runWithParams(Array)
#3 /Applications/web/ticket_agency/framework/web/filters/CFilterChain.php(134): CController->runAction(Object(CInlineAction))
#4 /Applications/web/ticket_agency/framework/web/filters/CFilter.php(41): CFilterChain->run()
#5 /Applications/web/ticket_agency/framework/web/CController.php(1144): CFilter->filter(Object(CFilterChain))
#6 /Applications/web/ticket_agency/framework/web/filters/CInlineFilter.php(59): CController->filterAccessControl(Object(CFilterChain))
#7 /Applications/web/ticket_agency/framework/web/filters/CFilterChain.php(131): CInlineFilter->filter(Object(CFilterChain))
#8 /Applications/web/ticket_agency/framework/web/CController.php(283): CFilterChain->run()
#9 /Applications/web/ticket_agency/framework/web/CController.php(257): CController->runActionWithFilters(Object(CInlineAction), Array)
#10 /Applications/web/ticket_agency/framework/web/CWebApplication.php(277): CController->run('')
#11 /Applications/web/ticket_agency/framework/web/CWebApplication.php(136): CWebApplication->runController('')
#12 /Applications/web/ticket_agency/framework/base/CApplication.php(159): CWebApplication->processRequest()
#13 /Applications/web/ticket_agency/application/index.php(22): CApplication->run()
#14 {main} REQUEST_URI=/
2015/02/12 15:20:53 [error] [exception.CHttpException.404] exception 'CHttpException' with message '无法解析请求 "js/artDialog/skins/blue.css"。' in /Applications/web/ticket_agency/framework/web/CWebApplication.php:281
Stack trace:
#0 /Applications/web/ticket_agency/framework/web/CWebApplication.php(136): CWebApplication->runController('js/artDialog/sk...')
#1 /Applications/web/ticket_agency/framework/base/CApplication.php(159): CWebApplication->processRequest()
#2 /Applications/web/ticket_agency/application/index.php(22): CApplication->run()
#3 {main} REQUEST_URI=/js/artDialog/skins/blue.css
2015/02/12 15:20:53 [error] [exception.CHttpException.404] exception 'CHttpException' with message '无法解析请求 "css/common.css"。' in /Applications/web/ticket_agency/framework/web/CWebApplication.php:281
Stack trace:
#0 /Applications/web/ticket_agency/framework/web/CWebApplication.php(136): CWebApplication->runController('css/common.css')
#1 /Applications/web/ticket_agency/framework/base/CApplication.php(159): CWebApplication->processRequest()
#2 /Applications/web/ticket_agency/application/index.php(22): CApplication->run()
#3 {main} REQUEST_URI=/css/common.css
2015/02/12 15:20:53 [error] [exception.CHttpException.404] exception 'CHttpException' with message '无法解析请求 "js/jquery-1.7.2.min.js"。' in /Applications/web/ticket_agency/framework/web/CWebApplication.php:281
Stack trace:
#0 /Applications/web/ticket_agency/framework/web/CWebApplication.php(136): CWebApplication->runController('js/jquery-1.7.2...')
#1 /Applications/web/ticket_agency/framework/base/CApplication.php(159): CWebApplication->processRequest()
#2 /Applications/web/ticket_agency/application/index.php(22): CApplication->run()
#3 {main} REQUEST_URI=/js/jquery-1.7.2.min.js
2015/02/12 16:10:27 [error] [exception.CHttpException.403] exception 'CHttpException' with message '你没有权限进行此操作，如有需要，请联系上级管理员提供权限。' in /Applications/web/ticket_agency/application/protected/components/Controller.php:125
Stack trace:
#0 /Applications/web/ticket_agency/application/protected/controllers/SiteController.php(31): Controller->onUnauthorizedAccess('')
#1 /Applications/web/ticket_agency/framework/web/actions/CInlineAction.php(50): SiteController->actionIndex()
#2 /Applications/web/ticket_agency/framework/web/CController.php(300): CInlineAction->runWithParams(Array)
#3 /Applications/web/ticket_agency/framework/web/filters/CFilterChain.php(134): CController->runAction(Object(CInlineAction))
#4 /Applications/web/ticket_agency/framework/web/filters/CFilter.php(41): CFilterChain->run()
#5 /Applications/web/ticket_agency/framework/web/CController.php(1144): CFilter->filter(Object(CFilterChain))
#6 /Applications/web/ticket_agency/framework/web/filters/CInlineFilter.php(59): CController->filterAccessControl(Object(CFilterChain))
#7 /Applications/web/ticket_agency/framework/web/filters/CFilterChain.php(131): CInlineFilter->filter(Object(CFilterChain))
#8 /Applications/web/ticket_agency/framework/web/CController.php(283): CFilterChain->run()
#9 /Applications/web/ticket_agency/framework/web/CController.php(257): CController->runActionWithFilters(Object(CInlineAction), Array)
#10 /Applications/web/ticket_agency/framework/web/CWebApplication.php(277): CController->run('')
#11 /Applications/web/ticket_agency/framework/web/CWebApplication.php(136): CWebApplication->runController('')
#12 /Applications/web/ticket_agency/framework/base/CApplication.php(159): CWebApplication->processRequest()
#13 /Applications/web/ticket_agency/application/index.php(22): CApplication->run()
#14 {main} REQUEST_URI=/
2015/02/12 16:10:27 [error] [exception.CHttpException.404] exception 'CHttpException' with message '无法解析请求 "js/jquery-1.7.2.min.js"。' in /Applications/web/ticket_agency/framework/web/CWebApplication.php:281
Stack trace:
#0 /Applications/web/ticket_agency/framework/web/CWebApplication.php(136): CWebApplication->runController('js/jquery-1.7.2...')
#1 /Applications/web/ticket_agency/framework/base/CApplication.php(159): CWebApplication->processRequest()
#2 /Applications/web/ticket_agency/application/index.php(22): CApplication->run()
#3 {main} REQUEST_URI=/js/jquery-1.7.2.min.js
2015/02/12 16:10:27 [error] [exception.CHttpException.404] exception 'CHttpException' with message '无法解析请求 "css/common.css"。' in /Applications/web/ticket_agency/framework/web/CWebApplication.php:281
Stack trace:
#0 /Applications/web/ticket_agency/framework/web/CWebApplication.php(136): CWebApplication->runController('css/common.css')
#1 /Applications/web/ticket_agency/framework/base/CApplication.php(159): CWebApplication->processRequest()
#2 /Applications/web/ticket_agency/application/index.php(22): CApplication->run()
#3 {main} REQUEST_URI=/css/common.css
2015/02/12 16:10:27 [error] [exception.CHttpException.404] exception 'CHttpException' with message '无法解析请求 "js/artDialog/skins/blue.css"。' in /Applications/web/ticket_agency/framework/web/CWebApplication.php:281
Stack trace:
#0 /Applications/web/ticket_agency/framework/web/CWebApplication.php(136): CWebApplication->runController('js/artDialog/sk...')
#1 /Applications/web/ticket_agency/framework/base/CApplication.php(159): CWebApplication->processRequest()
#2 /Applications/web/ticket_agency/application/index.php(22): CApplication->run()
#3 {main} REQUEST_URI=/js/artDialog/skins/blue.css
2015/02/12 16:46:38 [error] [exception.CHttpException.403] exception 'CHttpException' with message '你没有权限进行此操作，如有需要，请联系上级管理员提供权限。' in /Applications/web/ticket_agency/application/protected/components/Controller.php:125
Stack trace:
#0 /Applications/web/ticket_agency/application/protected/components/Controller.php(84): Controller->onUnauthorizedAccess('ticket.Sale.Ind...')
#1 /Applications/web/ticket_agency/framework/web/CController.php(298): Controller->beforeAction(Object(CInlineAction))
#2 /Applications/web/ticket_agency/framework/web/filters/CFilterChain.php(134): CController->runAction(Object(CInlineAction))
#3 /Applications/web/ticket_agency/framework/web/filters/CFilter.php(41): CFilterChain->run()
#4 /Applications/web/ticket_agency/framework/web/CController.php(1144): CFilter->filter(Object(CFilterChain))
#5 /Applications/web/ticket_agency/framework/web/filters/CInlineFilter.php(59): CController->filterAccessControl(Object(CFilterChain))
#6 /Applications/web/ticket_agency/framework/web/filters/CFilterChain.php(131): CInlineFilter->filter(Object(CFilterChain))
#7 /Applications/web/ticket_agency/framework/web/CController.php(283): CFilterChain->run()
#8 /Applications/web/ticket_agency/framework/web/CController.php(257): CController->runActionWithFilters(Object(CInlineAction), Array)
#9 /Applications/web/ticket_agency/framework/web/CWebApplication.php(277): CController->run('')
#10 /Applications/web/ticket_agency/framework/web/CWebApplication.php(136): CWebApplication->runController('ticket/sale')
#11 /Applications/web/ticket_agency/framework/base/CApplication.php(159): CWebApplication->processRequest()
#12 /Applications/web/ticket_agency/application/index.php(22): CApplication->run()
#13 {main} REQUEST_URI=/ticket/sale/
2015/02/12 16:46:38 [error] [exception.CHttpException.404] exception 'CHttpException' with message '无法解析请求 "js/artDialog/skins/blue.css"。' in /Applications/web/ticket_agency/framework/web/CWebApplication.php:281
Stack trace:
#0 /Applications/web/ticket_agency/framework/web/CWebApplication.php(136): CWebApplication->runController('js/artDialog/sk...')
#1 /Applications/web/ticket_agency/framework/base/CApplication.php(159): CWebApplication->processRequest()
#2 /Applications/web/ticket_agency/application/index.php(22): CApplication->run()
#3 {main} REQUEST_URI=/js/artDialog/skins/blue.css
2015/02/12 16:46:38 [error] [exception.CHttpException.404] exception 'CHttpException' with message '无法解析请求 "css/common.css"。' in /Applications/web/ticket_agency/framework/web/CWebApplication.php:281
Stack trace:
#0 /Applications/web/ticket_agency/framework/web/CWebApplication.php(136): CWebApplication->runController('css/common.css')
#1 /Applications/web/ticket_agency/framework/base/CApplication.php(159): CWebApplication->processRequest()
#2 /Applications/web/ticket_agency/application/index.php(22): CApplication->run()
#3 {main} REQUEST_URI=/css/common.css
2015/02/12 16:46:38 [error] [exception.CHttpException.404] exception 'CHttpException' with message '无法解析请求 "js/jquery-1.7.2.min.js"。' in /Applications/web/ticket_agency/framework/web/CWebApplication.php:281
Stack trace:
#0 /Applications/web/ticket_agency/framework/web/CWebApplication.php(136): CWebApplication->runController('js/jquery-1.7.2...')
#1 /Applications/web/ticket_agency/framework/base/CApplication.php(159): CWebApplication->processRequest()
#2 /Applications/web/ticket_agency/application/index.php(22): CApplication->run()
#3 {main} REQUEST_URI=/js/jquery-1.7.2.min.js
2015/02/12 16:46:44 [error] [exception.CHttpException.403] exception 'CHttpException' with message '你没有权限进行此操作，如有需要，请联系上级管理员提供权限。' in /Applications/web/ticket_agency/application/protected/components/Controller.php:125
Stack trace:
#0 /Applications/web/ticket_agency/application/protected/controllers/SiteController.php(31): Controller->onUnauthorizedAccess('')
#1 /Applications/web/ticket_agency/framework/web/actions/CInlineAction.php(50): SiteController->actionIndex()
#2 /Applications/web/ticket_agency/framework/web/CController.php(300): CInlineAction->runWithParams(Array)
#3 /Applications/web/ticket_agency/framework/web/filters/CFilterChain.php(134): CController->runAction(Object(CInlineAction))
#4 /Applications/web/ticket_agency/framework/web/filters/CFilter.php(41): CFilterChain->run()
#5 /Applications/web/ticket_agency/framework/web/CController.php(1144): CFilter->filter(Object(CFilterChain))
#6 /Applications/web/ticket_agency/framework/web/filters/CInlineFilter.php(59): CController->filterAccessControl(Object(CFilterChain))
#7 /Applications/web/ticket_agency/framework/web/filters/CFilterChain.php(131): CInlineFilter->filter(Object(CFilterChain))
#8 /Applications/web/ticket_agency/framework/web/CController.php(283): CFilterChain->run()
#9 /Applications/web/ticket_agency/framework/web/CController.php(257): CController->runActionWithFilters(Object(CInlineAction), Array)
#10 /Applications/web/ticket_agency/framework/web/CWebApplication.php(277): CController->run('')
#11 /Applications/web/ticket_agency/framework/web/CWebApplication.php(136): CWebApplication->runController('')
#12 /Applications/web/ticket_agency/framework/base/CApplication.php(159): CWebApplication->processRequest()
#13 /Applications/web/ticket_agency/application/index.php(22): CApplication->run()
#14 {main} REQUEST_URI=/
2015/02/12 16:46:44 [error] [exception.CHttpException.403] exception 'CHttpException' with message '你没有权限进行此操作，如有需要，请联系上级管理员提供权限。' in /Applications/web/ticket_agency/application/protected/components/Controller.php:125
Stack trace:
#0 /Applications/web/ticket_agency/application/protected/controllers/SiteController.php(31): Controller->onUnauthorizedAccess('')
#1 /Applications/web/ticket_agency/framework/web/actions/CInlineAction.php(50): SiteController->actionIndex()
#2 /Applications/web/ticket_agency/framework/web/CController.php(300): CInlineAction->runWithParams(Array)
#3 /Applications/web/ticket_agency/framework/web/filters/CFilterChain.php(134): CController->runAction(Object(CInlineAction))
#4 /Applications/web/ticket_agency/framework/web/filters/CFilter.php(41): CFilterChain->run()
#5 /Applications/web/ticket_agency/framework/web/CController.php(1144): CFilter->filter(Object(CFilterChain))
#6 /Applications/web/ticket_agency/framework/web/filters/CInlineFilter.php(59): CController->filterAccessControl(Object(CFilterChain))
#7 /Applications/web/ticket_agency/framework/web/filters/CFilterChain.php(131): CInlineFilter->filter(Object(CFilterChain))
#8 /Applications/web/ticket_agency/framework/web/CController.php(283): CFilterChain->run()
#9 /Applications/web/ticket_agency/framework/web/CController.php(257): CController->runActionWithFilters(Object(CInlineAction), Array)
#10 /Applications/web/ticket_agency/framework/web/CWebApplication.php(277): CController->run('')
#11 /Applications/web/ticket_agency/framework/web/CWebApplication.php(136): CWebApplication->runController('')
#12 /Applications/web/ticket_agency/framework/base/CApplication.php(159): CWebApplication->processRequest()
#13 /Applications/web/ticket_agency/application/index.php(22): CApplication->run()
#14 {main} REQUEST_URI=/
2015/02/12 16:46:44 [error] [exception.CHttpException.404] exception 'CHttpException' with message '无法解析请求 "css/common.css"。' in /Applications/web/ticket_agency/framework/web/CWebApplication.php:281
Stack trace:
#0 /Applications/web/ticket_agency/framework/web/CWebApplication.php(136): CWebApplication->runController('css/common.css')
#1 /Applications/web/ticket_agency/framework/base/CApplication.php(159): CWebApplication->processRequest()
#2 /Applications/web/ticket_agency/application/index.php(22): CApplication->run()
#3 {main} REQUEST_URI=/css/common.css
2015/02/12 16:46:44 [error] [exception.CHttpException.404] exception 'CHttpException' with message '无法解析请求 "js/artDialog/skins/blue.css"。' in /Applications/web/ticket_agency/framework/web/CWebApplication.php:281
Stack trace:
#0 /Applications/web/ticket_agency/framework/web/CWebApplication.php(136): CWebApplication->runController('js/artDialog/sk...')
#1 /Applications/web/ticket_agency/framework/base/CApplication.php(159): CWebApplication->processRequest()
#2 /Applications/web/ticket_agency/application/index.php(22): CApplication->run()
#3 {main} REQUEST_URI=/js/artDialog/skins/blue.css
2015/02/12 16:46:44 [error] [exception.CHttpException.404] exception 'CHttpException' with message '无法解析请求 "js/jquery-1.7.2.min.js"。' in /Applications/web/ticket_agency/framework/web/CWebApplication.php:281
Stack trace:
#0 /Applications/web/ticket_agency/framework/web/CWebApplication.php(136): CWebApplication->runController('js/jquery-1.7.2...')
#1 /Applications/web/ticket_agency/framework/base/CApplication.php(159): CWebApplication->processRequest()
#2 /Applications/web/ticket_agency/application/index.php(22): CApplication->run()
#3 {main} REQUEST_URI=/js/jquery-1.7.2.min.js
2015/02/12 16:48:10 [error] [exception.CHttpException.403] exception 'CHttpException' with message '你没有权限进行此操作，如有需要，请联系上级管理员提供权限。' in /Applications/web/ticket_agency/application/protected/components/Controller.php:125
Stack trace:
#0 /Applications/web/ticket_agency/application/protected/controllers/SiteController.php(31): Controller->onUnauthorizedAccess('')
#1 /Applications/web/ticket_agency/framework/web/actions/CInlineAction.php(50): SiteController->actionIndex()
#2 /Applications/web/ticket_agency/framework/web/CController.php(300): CInlineAction->runWithParams(Array)
#3 /Applications/web/ticket_agency/framework/web/filters/CFilterChain.php(134): CController->runAction(Object(CInlineAction))
#4 /Applications/web/ticket_agency/framework/web/filters/CFilter.php(41): CFilterChain->run()
#5 /Applications/web/ticket_agency/framework/web/CController.php(1144): CFilter->filter(Object(CFilterChain))
#6 /Applications/web/ticket_agency/framework/web/filters/CInlineFilter.php(59): CController->filterAccessControl(Object(CFilterChain))
#7 /Applications/web/ticket_agency/framework/web/filters/CFilterChain.php(131): CInlineFilter->filter(Object(CFilterChain))
#8 /Applications/web/ticket_agency/framework/web/CController.php(283): CFilterChain->run()
#9 /Applications/web/ticket_agency/framework/web/CController.php(257): CController->runActionWithFilters(Object(CInlineAction), Array)
#10 /Applications/web/ticket_agency/framework/web/CWebApplication.php(277): CController->run('')
#11 /Applications/web/ticket_agency/framework/web/CWebApplication.php(136): CWebApplication->runController('')
#12 /Applications/web/ticket_agency/framework/base/CApplication.php(159): CWebApplication->processRequest()
#13 /Applications/web/ticket_agency/application/index.php(22): CApplication->run()
#14 {main} REQUEST_URI=/
2015/02/12 16:48:10 [error] [exception.CHttpException.404] exception 'CHttpException' with message '无法解析请求 "css/common.css"。' in /Applications/web/ticket_agency/framework/web/CWebApplication.php:281
Stack trace:
#0 /Applications/web/ticket_agency/framework/web/CWebApplication.php(136): CWebApplication->runController('css/common.css')
#1 /Applications/web/ticket_agency/framework/base/CApplication.php(159): CWebApplication->processRequest()
#2 /Applications/web/ticket_agency/application/index.php(22): CApplication->run()
#3 {main} REQUEST_URI=/css/common.css
2015/02/12 16:48:10 [error] [exception.CHttpException.404] exception 'CHttpException' with message '无法解析请求 "js/jquery-1.7.2.min.js"。' in /Applications/web/ticket_agency/framework/web/CWebApplication.php:281
Stack trace:
#0 /Applications/web/ticket_agency/framework/web/CWebApplication.php(136): CWebApplication->runController('js/jquery-1.7.2...')
#1 /Applications/web/ticket_agency/framework/base/CApplication.php(159): CWebApplication->processRequest()
#2 /Applications/web/ticket_agency/application/index.php(22): CApplication->run()
#3 {main} REQUEST_URI=/js/jquery-1.7.2.min.js
2015/02/12 16:48:10 [error] [exception.CHttpException.404] exception 'CHttpException' with message '无法解析请求 "js/artDialog/skins/blue.css"。' in /Applications/web/ticket_agency/framework/web/CWebApplication.php:281
Stack trace:
#0 /Applications/web/ticket_agency/framework/web/CWebApplication.php(136): CWebApplication->runController('js/artDialog/sk...')
#1 /Applications/web/ticket_agency/framework/base/CApplication.php(159): CWebApplication->processRequest()
#2 /Applications/web/ticket_agency/application/index.php(22): CApplication->run()
#3 {main} REQUEST_URI=/js/artDialog/skins/blue.css
2015/02/12 16:58:55 [error] [exception.CHttpException.403] exception 'CHttpException' with message '你没有权限进行此操作，如有需要，请联系上级管理员提供权限。' in /Applications/web/ticket_agency/application/protected/components/Controller.php:125
Stack trace:
#0 /Applications/web/ticket_agency/application/protected/controllers/SiteController.php(31): Controller->onUnauthorizedAccess('')
#1 /Applications/web/ticket_agency/framework/web/actions/CInlineAction.php(50): SiteController->actionIndex()
#2 /Applications/web/ticket_agency/framework/web/CController.php(300): CInlineAction->runWithParams(Array)
#3 /Applications/web/ticket_agency/framework/web/filters/CFilterChain.php(134): CController->runAction(Object(CInlineAction))
#4 /Applications/web/ticket_agency/framework/web/filters/CFilter.php(41): CFilterChain->run()
#5 /Applications/web/ticket_agency/framework/web/CController.php(1144): CFilter->filter(Object(CFilterChain))
#6 /Applications/web/ticket_agency/framework/web/filters/CInlineFilter.php(59): CController->filterAccessControl(Object(CFilterChain))
#7 /Applications/web/ticket_agency/framework/web/filters/CFilterChain.php(131): CInlineFilter->filter(Object(CFilterChain))
#8 /Applications/web/ticket_agency/framework/web/CController.php(283): CFilterChain->run()
#9 /Applications/web/ticket_agency/framework/web/CController.php(257): CController->runActionWithFilters(Object(CInlineAction), Array)
#10 /Applications/web/ticket_agency/framework/web/CWebApplication.php(277): CController->run('')
#11 /Applications/web/ticket_agency/framework/web/CWebApplication.php(136): CWebApplication->runController('')
#12 /Applications/web/ticket_agency/framework/base/CApplication.php(159): CWebApplication->processRequest()
#13 /Applications/web/ticket_agency/application/index.php(22): CApplication->run()
#14 {main} REQUEST_URI=/
2015/02/12 16:58:55 [error] [exception.CHttpException.404] exception 'CHttpException' with message '无法解析请求 "js/artDialog/skins/blue.css"。' in /Applications/web/ticket_agency/framework/web/CWebApplication.php:281
Stack trace:
#0 /Applications/web/ticket_agency/framework/web/CWebApplication.php(136): CWebApplication->runController('js/artDialog/sk...')
#1 /Applications/web/ticket_agency/framework/base/CApplication.php(159): CWebApplication->processRequest()
#2 /Applications/web/ticket_agency/application/index.php(22): CApplication->run()
#3 {main} REQUEST_URI=/js/artDialog/skins/blue.css
2015/02/12 16:58:55 [error] [exception.CHttpException.404] exception 'CHttpException' with message '无法解析请求 "css/common.css"。' in /Applications/web/ticket_agency/framework/web/CWebApplication.php:281
Stack trace:
#0 /Applications/web/ticket_agency/framework/web/CWebApplication.php(136): CWebApplication->runController('css/common.css')
#1 /Applications/web/ticket_agency/framework/base/CApplication.php(159): CWebApplication->processRequest()
#2 /Applications/web/ticket_agency/application/index.php(22): CApplication->run()
#3 {main} REQUEST_URI=/css/common.css
2015/02/12 16:58:55 [error] [exception.CHttpException.404] exception 'CHttpException' with message '无法解析请求 "js/jquery-1.7.2.min.js"。' in /Applications/web/ticket_agency/framework/web/CWebApplication.php:281
Stack trace:
#0 /Applications/web/ticket_agency/framework/web/CWebApplication.php(136): CWebApplication->runController('js/jquery-1.7.2...')
#1 /Applications/web/ticket_agency/framework/base/CApplication.php(159): CWebApplication->processRequest()
#2 /Applications/web/ticket_agency/application/index.php(22): CApplication->run()
#3 {main} REQUEST_URI=/js/jquery-1.7.2.min.js
2015/02/12 17:04:45 [error] [exception.CHttpException.404] exception 'CHttpException' with message '无法解析请求 "js/echarts/build/echarts-map/chart/bar.js"。' in /Applications/web/ticket_agency/framework/web/CWebApplication.php:281
Stack trace:
#0 /Applications/web/ticket_agency/framework/web/CWebApplication.php(136): CWebApplication->runController('js/echarts/buil...')
#1 /Applications/web/ticket_agency/framework/base/CApplication.php(159): CWebApplication->processRequest()
#2 /Applications/web/ticket_agency/application/index.php(22): CApplication->run()
#3 {main} REQUEST_URI=/js/echarts/build/echarts-map/chart/bar.js
2015/02/12 17:21:49 [error] [exception.CHttpException.404] exception 'CHttpException' with message '无法解析请求 "js/echarts/build/echarts-map/chart/bar.js"。' in /Applications/web/ticket_agency/framework/web/CWebApplication.php:281
Stack trace:
#0 /Applications/web/ticket_agency/framework/web/CWebApplication.php(136): CWebApplication->runController('js/echarts/buil...')
#1 /Applications/web/ticket_agency/framework/base/CApplication.php(159): CWebApplication->processRequest()
#2 /Applications/web/ticket_agency/application/index.php(22): CApplication->run()
#3 {main} REQUEST_URI=/js/echarts/build/echarts-map/chart/bar.js
2015/02/12 17:22:36 [error] [exception.CHttpException.404] exception 'CHttpException' with message '无法解析请求 "img/logo@2x.png"。' in /Applications/web/ticket_agency/framework/web/CWebApplication.php:281
Stack trace:
#0 /Applications/web/ticket_agency/framework/web/CWebApplication.php(136): CWebApplication->runController('img/logo@2x.png')
#1 /Applications/web/ticket_agency/framework/base/CApplication.php(159): CWebApplication->processRequest()
#2 /Applications/web/ticket_agency/application/index.php(22): CApplication->run()
#3 {main} REQUEST_URI=/img/logo@2x.png
2015/02/12 17:23:38 [error] [exception.CHttpException.404] exception 'CHttpException' with message '无法解析请求 "js/echarts/build/echarts-map/chart/bar.js"。' in /Applications/web/ticket_agency/framework/web/CWebApplication.php:281
Stack trace:
#0 /Applications/web/ticket_agency/framework/web/CWebApplication.php(136): CWebApplication->runController('js/echarts/buil...')
#1 /Applications/web/ticket_agency/framework/base/CApplication.php(159): CWebApplication->processRequest()
#2 /Applications/web/ticket_agency/application/index.php(22): CApplication->run()
#3 {main} REQUEST_URI=/js/echarts/build/echarts-map/chart/bar.js
2015/02/12 17:43:33 [error] [exception.CHttpException.404] exception 'CHttpException' with message '无法解析请求 "img/logo@2x.png"。' in /Applications/web/ticket_agency/framework/web/CWebApplication.php:281
Stack trace:
#0 /Applications/web/ticket_agency/framework/web/CWebApplication.php(136): CWebApplication->runController('img/logo@2x.png')
#1 /Applications/web/ticket_agency/framework/base/CApplication.php(159): CWebApplication->processRequest()
#2 /Applications/web/ticket_agency/application/index.php(22): CApplication->run()
#3 {main} REQUEST_URI=/img/logo@2x.png
2015/02/12 17:43:36 [error] [exception.CHttpException.404] exception 'CHttpException' with message '无法解析请求 "img/logo@2x.png"。' in /Applications/web/ticket_agency/framework/web/CWebApplication.php:281
Stack trace:
#0 /Applications/web/ticket_agency/framework/web/CWebApplication.php(136): CWebApplication->runController('img/logo@2x.png')
#1 /Applications/web/ticket_agency/framework/base/CApplication.php(159): CWebApplication->processRequest()
#2 /Applications/web/ticket_agency/application/index.php(22): CApplication->run()
#3 {main} REQUEST_URI=/img/logo@2x.png
2015/02/12 17:49:06 [error] [exception.CHttpException.404] exception 'CHttpException' with message '无法解析请求 "js/echarts/build/echarts-map/chart/bar.js"。' in /Applications/web/ticket_agency/framework/web/CWebApplication.php:281
Stack trace:
#0 /Applications/web/ticket_agency/framework/web/CWebApplication.php(136): CWebApplication->runController('js/echarts/buil...')
#1 /Applications/web/ticket_agency/framework/base/CApplication.php(159): CWebApplication->processRequest()
#2 /Applications/web/ticket_agency/application/index.php(22): CApplication->run()
#3 {main} REQUEST_URI=/js/echarts/build/echarts-map/chart/bar.js
2015/02/15 15:34:39 [error] [exception.CHttpException.404] exception 'CHttpException' with message '无法解析请求 "favicon.ico"。' in /Applications/web/ticket_agency/framework/web/CWebApplication.php:281
Stack trace:
#0 /Applications/web/ticket_agency/framework/web/CWebApplication.php(136): CWebApplication->runController('favicon.ico')
#1 /Applications/web/ticket_agency/framework/base/CApplication.php(159): CWebApplication->processRequest()
#2 /Applications/web/ticket_agency/application/index.php(22): CApplication->run()
#3 {main} REQUEST_URI=/favicon.ico
2015/02/15 15:47:55 [error] [exception.CHttpException.404] exception 'CHttpException' with message '无法解析请求 "favicon.ico"。' in /Applications/web/ticket_agency/framework/web/CWebApplication.php:281
Stack trace:
#0 /Applications/web/ticket_agency/framework/web/CWebApplication.php(136): CWebApplication->runController('favicon.ico')
#1 /Applications/web/ticket_agency/framework/base/CApplication.php(159): CWebApplication->processRequest()
#2 /Applications/web/ticket_agency/application/index.php(22): CApplication->run()
#3 {main} REQUEST_URI=/favicon.ico
2015/02/15 15:48:14 [error] [exception.CHttpException.404] exception 'CHttpException' with message '无法解析请求 "js/echarts/build/echarts-map/chart/bar.js"。' in /Applications/web/ticket_agency/framework/web/CWebApplication.php:281
Stack trace:
#0 /Applications/web/ticket_agency/framework/web/CWebApplication.php(136): CWebApplication->runController('js/echarts/buil...')
#1 /Applications/web/ticket_agency/framework/base/CApplication.php(159): CWebApplication->processRequest()
#2 /Applications/web/ticket_agency/application/index.php(22): CApplication->run()
#3 {main} REQUEST_URI=/js/echarts/build/echarts-map/chart/bar.js
2015/02/15 15:48:15 [error] [exception.CHttpException.404] exception 'CHttpException' with message '无法解析请求 "favicon.ico"。' in /Applications/web/ticket_agency/framework/web/CWebApplication.php:281
Stack trace:
#0 /Applications/web/ticket_agency/framework/web/CWebApplication.php(136): CWebApplication->runController('favicon.ico')
#1 /Applications/web/ticket_agency/framework/base/CApplication.php(159): CWebApplication->processRequest()
#2 /Applications/web/ticket_agency/application/index.php(22): CApplication->run()
#3 {main} REQUEST_URI=/favicon.ico
2015/02/15 15:49:16 [error] [exception.CHttpException.404] exception 'CHttpException' with message '无法解析请求 "img/logo@2x.png"。' in /Applications/web/ticket_agency/framework/web/CWebApplication.php:281
Stack trace:
#0 /Applications/web/ticket_agency/framework/web/CWebApplication.php(136): CWebApplication->runController('img/logo@2x.png')
#1 /Applications/web/ticket_agency/framework/base/CApplication.php(159): CWebApplication->processRequest()
#2 /Applications/web/ticket_agency/application/index.php(22): CApplication->run()
#3 {main} REQUEST_URI=/img/logo@2x.png
2015/02/16 15:56:53 [error] [exception.CHttpException.404] exception 'CHttpException' with message '无法解析请求 "favicon.ico"。' in /Applications/web/ticket_agency/framework/web/CWebApplication.php:281
Stack trace:
#0 /Applications/web/ticket_agency/framework/web/CWebApplication.php(136): CWebApplication->runController('favicon.ico')
#1 /Applications/web/ticket_agency/framework/base/CApplication.php(159): CWebApplication->processRequest()
#2 /Applications/web/ticket_agency/application/index.php(22): CApplication->run()
#3 {main} REQUEST_URI=/favicon.ico
2015/02/16 15:57:07 [error] [exception.CHttpException.404] exception 'CHttpException' with message '无法解析请求 "js/echarts/build/echarts-map/chart/bar.js"。' in /Applications/web/ticket_agency/framework/web/CWebApplication.php:281
Stack trace:
#0 /Applications/web/ticket_agency/framework/web/CWebApplication.php(136): CWebApplication->runController('js/echarts/buil...')
#1 /Applications/web/ticket_agency/framework/base/CApplication.php(159): CWebApplication->processRequest()
#2 /Applications/web/ticket_agency/application/index.php(22): CApplication->run()
#3 {main} REQUEST_URI=/js/echarts/build/echarts-map/chart/bar.js
2015/02/16 15:57:09 [error] [exception.CHttpException.404] exception 'CHttpException' with message '无法解析请求 "favicon.ico"。' in /Applications/web/ticket_agency/framework/web/CWebApplication.php:281
Stack trace:
#0 /Applications/web/ticket_agency/framework/web/CWebApplication.php(136): CWebApplication->runController('favicon.ico')
#1 /Applications/web/ticket_agency/framework/base/CApplication.php(159): CWebApplication->processRequest()
#2 /Applications/web/ticket_agency/application/index.php(22): CApplication->run()
#3 {main} REQUEST_URI=/favicon.ico
2015/02/16 16:06:08 [error] [exception.CHttpException.404] exception 'CHttpException' with message '无法解析请求 "img/logo@2x.png"。' in /Applications/web/ticket_agency/framework/web/CWebApplication.php:281
Stack trace:
#0 /Applications/web/ticket_agency/framework/web/CWebApplication.php(136): CWebApplication->runController('img/logo@2x.png')
#1 /Applications/web/ticket_agency/framework/base/CApplication.php(159): CWebApplication->processRequest()
#2 /Applications/web/ticket_agency/application/index.php(22): CApplication->run()
#3 {main} REQUEST_URI=/img/logo@2x.png
2015/02/16 16:06:30 [error] [exception.CHttpException.404] exception 'CHttpException' with message '无法解析请求 "img/logo@2x.png"。' in /Applications/web/ticket_agency/framework/web/CWebApplication.php:281
Stack trace:
#0 /Applications/web/ticket_agency/framework/web/CWebApplication.php(136): CWebApplication->runController('img/logo@2x.png')
#1 /Applications/web/ticket_agency/framework/base/CApplication.php(159): CWebApplication->processRequest()
#2 /Applications/web/ticket_agency/application/index.php(22): CApplication->run()
#3 {main} REQUEST_URI=/img/logo@2x.png
2015/02/16 16:11:56 [error] [exception.CHttpException.404] exception 'CHttpException' with message '无法解析请求 "js/echarts/build/echarts-map/chart/bar.js"。' in /Applications/web/ticket_agency/framework/web/CWebApplication.php:281
Stack trace:
#0 /Applications/web/ticket_agency/framework/web/CWebApplication.php(136): CWebApplication->runController('js/echarts/buil...')
#1 /Applications/web/ticket_agency/framework/base/CApplication.php(159): CWebApplication->processRequest()
#2 /Applications/web/ticket_agency/application/index.php(27): CApplication->run()
#3 {main} REQUEST_URI=/js/echarts/build/echarts-map/chart/bar.js
2015/02/16 16:13:13 [error] [exception.CHttpException.404] exception 'CHttpException' with message '无法解析请求 "js/echarts/build/echarts-map/chart/bar.js"。' in /Applications/web/ticket_agency/framework/web/CWebApplication.php:281
Stack trace:
#0 /Applications/web/ticket_agency/framework/web/CWebApplication.php(136): CWebApplication->runController('js/echarts/buil...')
#1 /Applications/web/ticket_agency/framework/base/CApplication.php(159): CWebApplication->processRequest()
#2 /Applications/web/ticket_agency/application/index.php(27): CApplication->run()
#3 {main} REQUEST_URI=/js/echarts/build/echarts-map/chart/bar.js
2015/02/16 16:32:39 [error] [exception.CHttpException.404] exception 'CHttpException' with message '无法解析请求 "js/echarts/build/echarts-map/chart/bar.js"。' in /Applications/web/ticket_agency/framework/web/CWebApplication.php:281
Stack trace:
#0 /Applications/web/ticket_agency/framework/web/CWebApplication.php(136): CWebApplication->runController('js/echarts/buil...')
#1 /Applications/web/ticket_agency/framework/base/CApplication.php(159): CWebApplication->processRequest()
#2 /Applications/web/ticket_agency/application/index.php(22): CApplication->run()
#3 {main} REQUEST_URI=/js/echarts/build/echarts-map/chart/bar.js
2015/02/16 16:33:37 [error] [exception.CHttpException.404] exception 'CHttpException' with message '无法解析请求 "img/select2-spinner@2x.gif"。' in /Applications/web/ticket_agency/framework/web/CWebApplication.php:281
Stack trace:
#0 /Applications/web/ticket_agency/framework/web/CWebApplication.php(136): CWebApplication->runController('img/select2-spi...')
#1 /Applications/web/ticket_agency/framework/base/CApplication.php(159): CWebApplication->processRequest()
#2 /Applications/web/ticket_agency/application/index.php(22): CApplication->run()
#3 {main} REQUEST_URI=/img/select2-spinner@2x.gif
2015/02/16 16:34:27 [error] [exception.CHttpException.404] exception 'CHttpException' with message '无法解析请求 "img/logo@2x.png"。' in /Applications/web/ticket_agency/framework/web/CWebApplication.php:281
Stack trace:
#0 /Applications/web/ticket_agency/framework/web/CWebApplication.php(136): CWebApplication->runController('img/logo@2x.png')
#1 /Applications/web/ticket_agency/framework/base/CApplication.php(159): CWebApplication->processRequest()
#2 /Applications/web/ticket_agency/application/index.php(22): CApplication->run()
#3 {main} REQUEST_URI=/img/logo@2x.png
2015/02/16 16:42:09 [error] [exception.CHttpException.404] exception 'CHttpException' with message '无法解析请求 "img/logo@2x.png"。' in /Applications/web/ticket_agency/framework/web/CWebApplication.php:281
Stack trace:
#0 /Applications/web/ticket_agency/framework/web/CWebApplication.php(136): CWebApplication->runController('img/logo@2x.png')
#1 /Applications/web/ticket_agency/framework/base/CApplication.php(159): CWebApplication->processRequest()
#2 /Applications/web/ticket_agency/application/index.php(22): CApplication->run()
#3 {main} REQUEST_URI=/img/logo@2x.png
2015/02/16 16:42:41 [error] [exception.CHttpException.404] exception 'CHttpException' with message '无法解析请求 "img/logo@2x.png"。' in /Applications/web/ticket_agency/framework/web/CWebApplication.php:281
Stack trace:
#0 /Applications/web/ticket_agency/framework/web/CWebApplication.php(136): CWebApplication->runController('img/logo@2x.png')
#1 /Applications/web/ticket_agency/framework/base/CApplication.php(159): CWebApplication->processRequest()
#2 /Applications/web/ticket_agency/application/index.php(22): CApplication->run()
#3 {main} REQUEST_URI=/img/logo@2x.png
2015/02/16 16:59:09 [error] [exception.CHttpException.404] exception 'CHttpException' with message '无法解析请求 "img/logo@2x.png"。' in /Applications/web/ticket_agency/framework/web/CWebApplication.php:281
Stack trace:
#0 /Applications/web/ticket_agency/framework/web/CWebApplication.php(136): CWebApplication->runController('img/logo@2x.png')
#1 /Applications/web/ticket_agency/framework/base/CApplication.php(159): CWebApplication->processRequest()
#2 /Applications/web/ticket_agency/application/index.php(22): CApplication->run()
#3 {main} REQUEST_URI=/img/logo@2x.png
2015/02/16 16:59:45 [error] [exception.CHttpException.404] exception 'CHttpException' with message '无法解析请求 "img/logo@2x.png"。' in /Applications/web/ticket_agency/framework/web/CWebApplication.php:281
Stack trace:
#0 /Applications/web/ticket_agency/framework/web/CWebApplication.php(136): CWebApplication->runController('img/logo@2x.png')
#1 /Applications/web/ticket_agency/framework/base/CApplication.php(159): CWebApplication->processRequest()
#2 /Applications/web/ticket_agency/application/index.php(22): CApplication->run()
#3 {main} REQUEST_URI=/img/logo@2x.png
2015/02/16 17:04:13 [error] [exception.CHttpException.404] exception 'CHttpException' with message '无法解析请求 "js/echarts/build/echarts-map/chart/bar.js"。' in /Applications/web/ticket_agency/framework/web/CWebApplication.php:281
Stack trace:
#0 /Applications/web/ticket_agency/framework/web/CWebApplication.php(136): CWebApplication->runController('js/echarts/buil...')
#1 /Applications/web/ticket_agency/framework/base/CApplication.php(159): CWebApplication->processRequest()
#2 /Applications/web/ticket_agency/application/index.php(22): CApplication->run()
#3 {main} REQUEST_URI=/js/echarts/build/echarts-map/chart/bar.js
2015/03/04 11:38:47 [error] [php] PDO::__construct(): [2002] Connection timed out (trying to connect via tcp://192.168.1.14:3306) (/vagrant/wamp/www/ticket_agency/framework/db/CDbConnection.php:405)
Stack trace:
#0 /vagrant/wamp/www/ticket_agency/framework/db/CDbConnection.php(313): CDbConnection->open()
#1 /vagrant/wamp/www/ticket_agency/framework/db/CDbConnection.php(291): CDbConnection->setActive()
#2 /vagrant/wamp/www/ticket_agency/framework/base/CModule.php(372): CDbConnection->init()
#3 /vagrant/wamp/www/ticket_agency/framework/base/CModule.php(86): CWebApplication->getComponent()
#4 /vagrant/wamp/www/ticket_agency/common/components/UActiveRecord.php(96): CWebApplication->__get()
#5 /vagrant/wamp/www/ticket_agency/framework/db/ar/CActiveRecord.php(2275): Users->getDbConnection()
#6 /vagrant/wamp/www/ticket_agency/framework/db/ar/CActiveRecord.php(372): CActiveRecordMetaData->__construct()
#7 /vagrant/wamp/www/ticket_agency/application/protected/models/Users.php(40): model()
#8 /vagrant/wamp/www/ticket_agency/application/protected/extensions/CreateUrl.php(177): model()
#9 /vagrant/wamp/www/ticket_agency/application/protected/extensions/CreateUrl.php(272): CreateUrl->checkAuth()
#10 /vagrant/wamp/www/ticket_agency/application/protected/components/Controller.php(82): CreateUrl->checkAccess()
#11 /vagrant/wamp/www/ticket_agency/framework/web/CController.php(298): SaleController->beforeAction()
#12 /vagrant/wamp/www/ticket_agency/framework/web/filters/CFilterChain.php(134): SaleController->runAction()
#13 /vagrant/wamp/www/ticket_agency/framework/web/filters/CFilter.php(41): CFilterChain->run()
#14 /vagrant/wamp/www/ticket_agency/framework/web/CController.php(1144): CAccessControlFilter->filter()
#15 /vagrant/wamp/www/ticket_agency/framework/web/filters/CInlineFilter.php(59): SaleController->filterAccessControl()
#16 /vagrant/wamp/www/ticket_agency/framework/web/filters/CFilterChain.php(131): CInlineFilter->filter()
#17 /vagrant/wamp/www/ticket_agency/framework/web/CController.php(283): CFilterChain->run()
#18 /vagrant/wamp/www/ticket_agency/framework/web/CController.php(257): SaleController->runActionWithFilters()
#19 /vagrant/wamp/www/ticket_agency/framework/web/CWebApplication.php(277): SaleController->run()
#20 /vagrant/wamp/www/ticket_agency/framework/web/CWebApplication.php(136): CWebApplication->runController()
#21 /vagrant/wamp/www/ticket_agency/framework/base/CApplication.php(159): CWebApplication->processRequest()
#22 /vagrant/wamp/www/ticket_agency/application/index.php(27): CWebApplication->run()
REQUEST_URI=/ticket/sale/
2015/03/04 13:29:26 [error] [php] Undefined index: is_union (/vagrant/wamp/www/ticket_agency/application/protected/views/ticket/favorites/index.php:83)
Stack trace:
#0 /vagrant/wamp/www/ticket_agency/framework/web/CController.php(866): FavoritesController->renderFile()
#1 /vagrant/wamp/www/ticket_agency/framework/web/CController.php(779): FavoritesController->renderPartial()
#2 /vagrant/wamp/www/ticket_agency/application/protected/controllers/ticket/FavoritesController.php(37): FavoritesController->render()
#3 /vagrant/wamp/www/ticket_agency/framework/web/actions/CInlineAction.php(50): FavoritesController->actionIndex()
#4 /vagrant/wamp/www/ticket_agency/framework/web/CController.php(300): CInlineAction->runWithParams()
#5 /vagrant/wamp/www/ticket_agency/framework/web/filters/CFilterChain.php(134): FavoritesController->runAction()
#6 /vagrant/wamp/www/ticket_agency/framework/web/filters/CFilter.php(41): CFilterChain->run()
#7 /vagrant/wamp/www/ticket_agency/framework/web/CController.php(1144): CAccessControlFilter->filter()
#8 /vagrant/wamp/www/ticket_agency/framework/web/filters/CInlineFilter.php(59): FavoritesController->filterAccessControl()
#9 /vagrant/wamp/www/ticket_agency/framework/web/filters/CFilterChain.php(131): CInlineFilter->filter()
#10 /vagrant/wamp/www/ticket_agency/framework/web/CController.php(283): CFilterChain->run()
#11 /vagrant/wamp/www/ticket_agency/framework/web/CController.php(257): FavoritesController->runActionWithFilters()
#12 /vagrant/wamp/www/ticket_agency/framework/web/CWebApplication.php(277): FavoritesController->run()
#13 /vagrant/wamp/www/ticket_agency/framework/web/CWebApplication.php(136): CWebApplication->runController()
#14 /vagrant/wamp/www/ticket_agency/framework/base/CApplication.php(159): CWebApplication->processRequest()
#15 /vagrant/wamp/www/ticket_agency/application/index.php(27): CWebApplication->run()
REQUEST_URI=/ticket/favorites/
2015/03/04 13:29:57 [error] [php] Undefined index: is_union (/vagrant/wamp/www/ticket_agency/application/protected/views/ticket/favorites/index.php:83)
Stack trace:
#0 /vagrant/wamp/www/ticket_agency/framework/web/CController.php(866): FavoritesController->renderFile()
#1 /vagrant/wamp/www/ticket_agency/framework/web/CController.php(779): FavoritesController->renderPartial()
#2 /vagrant/wamp/www/ticket_agency/application/protected/controllers/ticket/FavoritesController.php(37): FavoritesController->render()
#3 /vagrant/wamp/www/ticket_agency/framework/web/actions/CInlineAction.php(50): FavoritesController->actionIndex()
#4 /vagrant/wamp/www/ticket_agency/framework/web/CController.php(300): CInlineAction->runWithParams()
#5 /vagrant/wamp/www/ticket_agency/framework/web/filters/CFilterChain.php(134): FavoritesController->runAction()
#6 /vagrant/wamp/www/ticket_agency/framework/web/filters/CFilter.php(41): CFilterChain->run()
#7 /vagrant/wamp/www/ticket_agency/framework/web/CController.php(1144): CAccessControlFilter->filter()
#8 /vagrant/wamp/www/ticket_agency/framework/web/filters/CInlineFilter.php(59): FavoritesController->filterAccessControl()
#9 /vagrant/wamp/www/ticket_agency/framework/web/filters/CFilterChain.php(131): CInlineFilter->filter()
#10 /vagrant/wamp/www/ticket_agency/framework/web/CController.php(283): CFilterChain->run()
#11 /vagrant/wamp/www/ticket_agency/framework/web/CController.php(257): FavoritesController->runActionWithFilters()
#12 /vagrant/wamp/www/ticket_agency/framework/web/CWebApplication.php(277): FavoritesController->run()
#13 /vagrant/wamp/www/ticket_agency/framework/web/CWebApplication.php(136): CWebApplication->runController()
#14 /vagrant/wamp/www/ticket_agency/framework/base/CApplication.php(159): CWebApplication->processRequest()
#15 /vagrant/wamp/www/ticket_agency/application/index.php(27): CWebApplication->run()
REQUEST_URI=/ticket/favorites/
2015/03/04 14:00:01 [error] [php] Undefined index: scenic_id (/vagrant/wamp/www/ticket_agency/application/protected/views/ticket/favorites/index.php:85)
Stack trace:
#0 /vagrant/wamp/www/ticket_agency/framework/web/CController.php(866): FavoritesController->renderFile()
#1 /vagrant/wamp/www/ticket_agency/framework/web/CController.php(779): FavoritesController->renderPartial()
#2 /vagrant/wamp/www/ticket_agency/application/protected/controllers/ticket/FavoritesController.php(37): FavoritesController->render()
#3 /vagrant/wamp/www/ticket_agency/framework/web/actions/CInlineAction.php(50): FavoritesController->actionIndex()
#4 /vagrant/wamp/www/ticket_agency/framework/web/CController.php(300): CInlineAction->runWithParams()
#5 /vagrant/wamp/www/ticket_agency/framework/web/filters/CFilterChain.php(134): FavoritesController->runAction()
#6 /vagrant/wamp/www/ticket_agency/framework/web/filters/CFilter.php(41): CFilterChain->run()
#7 /vagrant/wamp/www/ticket_agency/framework/web/CController.php(1144): CAccessControlFilter->filter()
#8 /vagrant/wamp/www/ticket_agency/framework/web/filters/CInlineFilter.php(59): FavoritesController->filterAccessControl()
#9 /vagrant/wamp/www/ticket_agency/framework/web/filters/CFilterChain.php(131): CInlineFilter->filter()
#10 /vagrant/wamp/www/ticket_agency/framework/web/CController.php(283): CFilterChain->run()
#11 /vagrant/wamp/www/ticket_agency/framework/web/CController.php(257): FavoritesController->runActionWithFilters()
#12 /vagrant/wamp/www/ticket_agency/framework/web/CWebApplication.php(277): FavoritesController->run()
#13 /vagrant/wamp/www/ticket_agency/framework/web/CWebApplication.php(136): CWebApplication->runController()
#14 /vagrant/wamp/www/ticket_agency/framework/base/CApplication.php(159): CWebApplication->processRequest()
#15 /vagrant/wamp/www/ticket_agency/application/index.php(27): CWebApplication->run()
REQUEST_URI=/ticket/favorites/
2015/03/05 14:58:28 [error] [php] Undefined variable: lists (D:\wamp\www\ticket_agency\application\protected\controllers\ticket\FavoritesController.php:37)
Stack trace:
#0 D:\wamp\www\ticket_agency\framework\web\filters\CFilterChain.php(134): FavoritesController->runAction()
#1 D:\wamp\www\ticket_agency\framework\web\filters\CFilter.php(41): CFilterChain->run()
#2 D:\wamp\www\ticket_agency\framework\web\CController.php(1144): CAccessControlFilter->filter()
#3 D:\wamp\www\ticket_agency\framework\web\filters\CInlineFilter.php(59): FavoritesController->filterAccessControl()
#4 D:\wamp\www\ticket_agency\framework\web\filters\CFilterChain.php(131): CInlineFilter->filter()
#5 D:\wamp\www\ticket_agency\framework\web\CController.php(283): CFilterChain->run()
#6 D:\wamp\www\ticket_agency\framework\web\CController.php(257): FavoritesController->runActionWithFilters()
#7 D:\wamp\www\ticket_agency\framework\web\CWebApplication.php(277): FavoritesController->run()
#8 D:\wamp\www\ticket_agency\framework\web\CWebApplication.php(136): CWebApplication->runController()
#9 D:\wamp\www\ticket_agency\framework\base\CApplication.php(159): CWebApplication->processRequest()
#10 D:\wamp\www\ticket_agency\application\index.php(27): CWebApplication->run()
REQUEST_URI=/ticket/favorites/
2015/03/05 15:02:30 [error] [php] Undefined variable: result (D:\wamp\www\ticket_agency\application\protected\controllers\ticket\FavoritesController.php:30)
Stack trace:
#0 D:\wamp\www\ticket_agency\framework\web\filters\CFilterChain.php(134): FavoritesController->runAction()
#1 D:\wamp\www\ticket_agency\framework\web\filters\CFilter.php(41): CFilterChain->run()
#2 D:\wamp\www\ticket_agency\framework\web\CController.php(1144): CAccessControlFilter->filter()
#3 D:\wamp\www\ticket_agency\framework\web\filters\CInlineFilter.php(59): FavoritesController->filterAccessControl()
#4 D:\wamp\www\ticket_agency\framework\web\filters\CFilterChain.php(131): CInlineFilter->filter()
#5 D:\wamp\www\ticket_agency\framework\web\CController.php(283): CFilterChain->run()
#6 D:\wamp\www\ticket_agency\framework\web\CController.php(257): FavoritesController->runActionWithFilters()
#7 D:\wamp\www\ticket_agency\framework\web\CWebApplication.php(277): FavoritesController->run()
#8 D:\wamp\www\ticket_agency\framework\web\CWebApplication.php(136): CWebApplication->runController()
#9 D:\wamp\www\ticket_agency\framework\base\CApplication.php(159): CWebApplication->processRequest()
#10 D:\wamp\www\ticket_agency\application\index.php(27): CWebApplication->run()
REQUEST_URI=/ticket/favorites/
2015/03/13 17:05:41 [error] [exception.CException] exception 'CException' with message 'GroupController and its behaviors do not have a method or closure named "_getlan".' in /vagrant/wamp/www/ticket_agency/framework/base/CComponent.php:269
Stack trace:
#0 /vagrant/wamp/www/ticket_agency/application/protected/controllers/ticket/GroupController.php(52): CComponent->__call('_getlan', Array)
#1 /vagrant/wamp/www/ticket_agency/application/protected/controllers/ticket/GroupController.php(52): GroupController->_getlan(Array)
#2 /vagrant/wamp/www/ticket_agency/framework/web/actions/CInlineAction.php(50): GroupController->actionIndex()
#3 /vagrant/wamp/www/ticket_agency/framework/web/CController.php(300): CInlineAction->runWithParams(Array)
#4 /vagrant/wamp/www/ticket_agency/framework/web/filters/CFilterChain.php(134): CController->runAction(Object(CInlineAction))
#5 /vagrant/wamp/www/ticket_agency/framework/web/filters/CFilter.php(41): CFilterChain->run()
#6 /vagrant/wamp/www/ticket_agency/framework/web/CController.php(1144): CFilter->filter(Object(CFilterChain))
#7 /vagrant/wamp/www/ticket_agency/framework/web/filters/CInlineFilter.php(59): CController->filterAccessControl(Object(CFilterChain))
#8 /vagrant/wamp/www/ticket_agency/framework/web/filters/CFilterChain.php(131): CInlineFilter->filter(Object(CFilterChain))
#9 /vagrant/wamp/www/ticket_agency/framework/web/CController.php(283): CFilterChain->run()
#10 /vagrant/wamp/www/ticket_agency/framework/web/CController.php(257): CController->runActionWithFilters(Object(CInlineAction), Array)
#11 /vagrant/wamp/www/ticket_agency/framework/web/CWebApplication.php(277): CController->run('')
#12 /vagrant/wamp/www/ticket_agency/framework/web/CWebApplication.php(136): CWebApplication->runController('ticket/group')
#13 /vagrant/wamp/www/ticket_agency/framework/base/CApplication.php(159): CWebApplication->processRequest()
#14 /vagrant/wamp/www/ticket_agency/application/index.php(27): CApplication->run()
#15 {main} REQUEST_URI=/ticket/group/
2015/03/13 18:45:44 [error] [php] Undefined variable: _lans (/vagrant/wamp/www/ticket_agency/application/protected/controllers/ticket/SaleController.php:99)
Stack trace:
#0 /vagrant/wamp/www/ticket_agency/framework/web/CController.php(300): CInlineAction->runWithParams()
#1 /vagrant/wamp/www/ticket_agency/framework/web/filters/CFilterChain.php(134): SaleController->runAction()
#2 /vagrant/wamp/www/ticket_agency/framework/web/filters/CFilter.php(41): CFilterChain->run()
#3 /vagrant/wamp/www/ticket_agency/framework/web/CController.php(1144): CAccessControlFilter->filter()
#4 /vagrant/wamp/www/ticket_agency/framework/web/filters/CInlineFilter.php(59): SaleController->filterAccessControl()
#5 /vagrant/wamp/www/ticket_agency/framework/web/filters/CFilterChain.php(131): CInlineFilter->filter()
#6 /vagrant/wamp/www/ticket_agency/framework/web/CController.php(283): CFilterChain->run()
#7 /vagrant/wamp/www/ticket_agency/framework/web/CController.php(257): SaleController->runActionWithFilters()
#8 /vagrant/wamp/www/ticket_agency/framework/web/CWebApplication.php(277): SaleController->run()
#9 /vagrant/wamp/www/ticket_agency/framework/web/CWebApplication.php(136): CWebApplication->runController()
#10 /vagrant/wamp/www/ticket_agency/framework/base/CApplication.php(159): CWebApplication->processRequest()
#11 /vagrant/wamp/www/ticket_agency/application/index.php(27): CWebApplication->run()
REQUEST_URI=/ticket/sale/
2015/03/16 14:04:16 [error] [php] Undefined variable: name (D:\wamp\www\ticket_agency\application\protected\controllers\ticket\FavoritesController.php:26)
Stack trace:
#0 D:\wamp\www\ticket_agency\framework\web\filters\CFilterChain.php(134): FavoritesController->runAction()
#1 D:\wamp\www\ticket_agency\framework\web\filters\CFilter.php(41): CFilterChain->run()
#2 D:\wamp\www\ticket_agency\framework\web\CController.php(1144): CAccessControlFilter->filter()
#3 D:\wamp\www\ticket_agency\framework\web\filters\CInlineFilter.php(59): FavoritesController->filterAccessControl()
#4 D:\wamp\www\ticket_agency\framework\web\filters\CFilterChain.php(131): CInlineFilter->filter()
#5 D:\wamp\www\ticket_agency\framework\web\CController.php(283): CFilterChain->run()
#6 D:\wamp\www\ticket_agency\framework\web\CController.php(257): FavoritesController->runActionWithFilters()
#7 D:\wamp\www\ticket_agency\framework\web\CWebApplication.php(277): FavoritesController->run()
#8 D:\wamp\www\ticket_agency\framework\web\CWebApplication.php(136): CWebApplication->runController()
#9 D:\wamp\www\ticket_agency\framework\base\CApplication.php(159): CWebApplication->processRequest()
#10 D:\wamp\www\ticket_agency\application\index.php(27): CWebApplication->run()
REQUEST_URI=/ticket/favorites/index/type/1?name=%E6%B5%8B%E8%AF%95+
2015/03/17 11:27:06 [error] [php] Undefined offset: 0 (/vagrant/wamp/www/ticket_agency/application/protected/controllers/channel/TbController.php:132)
Stack trace:
#0 /vagrant/wamp/www/ticket_agency/framework/web/filters/CFilterChain.php(134): TbController->runAction()
#1 /vagrant/wamp/www/ticket_agency/framework/web/filters/CFilter.php(41): CFilterChain->run()
#2 /vagrant/wamp/www/ticket_agency/framework/web/CController.php(1144): CAccessControlFilter->filter()
#3 /vagrant/wamp/www/ticket_agency/framework/web/filters/CInlineFilter.php(59): TbController->filterAccessControl()
#4 /vagrant/wamp/www/ticket_agency/framework/web/filters/CFilterChain.php(131): CInlineFilter->filter()
#5 /vagrant/wamp/www/ticket_agency/framework/web/CController.php(283): CFilterChain->run()
#6 /vagrant/wamp/www/ticket_agency/framework/web/CController.php(257): TbController->runActionWithFilters()
#7 /vagrant/wamp/www/ticket_agency/framework/web/CWebApplication.php(277): TbController->run()
#8 /vagrant/wamp/www/ticket_agency/framework/web/CWebApplication.php(136): CWebApplication->runController()
#9 /vagrant/wamp/www/ticket_agency/framework/base/CApplication.php(159): CWebApplication->processRequest()
#10 /vagrant/wamp/www/ticket_agency/application/index.php(27): CWebApplication->run()
REQUEST_URI=/channel/tb/code/
2015/03/17 16:01:00 [error] [php] Undefined offset: 0 (/vagrant/wamp/www/ticket_agency/application/protected/controllers/channel/TbController.php:132)
Stack trace:
#0 /vagrant/wamp/www/ticket_agency/framework/web/filters/CFilterChain.php(134): TbController->runAction()
#1 /vagrant/wamp/www/ticket_agency/framework/web/filters/CFilter.php(41): CFilterChain->run()
#2 /vagrant/wamp/www/ticket_agency/framework/web/CController.php(1144): CAccessControlFilter->filter()
#3 /vagrant/wamp/www/ticket_agency/framework/web/filters/CInlineFilter.php(59): TbController->filterAccessControl()
#4 /vagrant/wamp/www/ticket_agency/framework/web/filters/CFilterChain.php(131): CInlineFilter->filter()
#5 /vagrant/wamp/www/ticket_agency/framework/web/CController.php(283): CFilterChain->run()
#6 /vagrant/wamp/www/ticket_agency/framework/web/CController.php(257): TbController->runActionWithFilters()
#7 /vagrant/wamp/www/ticket_agency/framework/web/CWebApplication.php(277): TbController->run()
#8 /vagrant/wamp/www/ticket_agency/framework/web/CWebApplication.php(136): CWebApplication->runController()
#9 /vagrant/wamp/www/ticket_agency/framework/base/CApplication.php(159): CWebApplication->processRequest()
#10 /vagrant/wamp/www/ticket_agency/application/index.php(27): CWebApplication->run()
REQUEST_URI=/channel/tb/code/
2015/03/17 16:01:07 [error] [php] Undefined offset: 0 (/vagrant/wamp/www/ticket_agency/application/protected/controllers/channel/TbController.php:132)
Stack trace:
#0 /vagrant/wamp/www/ticket_agency/framework/web/filters/CFilterChain.php(134): TbController->runAction()
#1 /vagrant/wamp/www/ticket_agency/framework/web/filters/CFilter.php(41): CFilterChain->run()
#2 /vagrant/wamp/www/ticket_agency/framework/web/CController.php(1144): CAccessControlFilter->filter()
#3 /vagrant/wamp/www/ticket_agency/framework/web/filters/CInlineFilter.php(59): TbController->filterAccessControl()
#4 /vagrant/wamp/www/ticket_agency/framework/web/filters/CFilterChain.php(131): CInlineFilter->filter()
#5 /vagrant/wamp/www/ticket_agency/framework/web/CController.php(283): CFilterChain->run()
#6 /vagrant/wamp/www/ticket_agency/framework/web/CController.php(257): TbController->runActionWithFilters()
#7 /vagrant/wamp/www/ticket_agency/framework/web/CWebApplication.php(277): TbController->run()
#8 /vagrant/wamp/www/ticket_agency/framework/web/CWebApplication.php(136): CWebApplication->runController()
#9 /vagrant/wamp/www/ticket_agency/framework/base/CApplication.php(159): CWebApplication->processRequest()
#10 /vagrant/wamp/www/ticket_agency/application/index.php(27): CWebApplication->run()
REQUEST_URI=/channel/tb/code/
2015/03/17 16:30:05 [error] [php] PDO::__construct(): [2002] Connection timed out (trying to connect via tcp://192.168.1.14:3306) (/vagrant/wamp/www/ticket_agency/framework/db/CDbConnection.php:405)
Stack trace:
#0 /vagrant/wamp/www/ticket_agency/framework/db/CDbConnection.php(313): CDbConnection->open()
#1 /vagrant/wamp/www/ticket_agency/framework/db/CDbConnection.php(291): CDbConnection->setActive()
#2 /vagrant/wamp/www/ticket_agency/framework/base/CModule.php(372): CDbConnection->init()
#3 /vagrant/wamp/www/ticket_agency/framework/base/CModule.php(86): CWebApplication->getComponent()
#4 /vagrant/wamp/www/ticket_agency/common/components/UActiveRecord.php(96): CWebApplication->__get()
#5 /vagrant/wamp/www/ticket_agency/framework/db/ar/CActiveRecord.php(2275): Users->getDbConnection()
#6 /vagrant/wamp/www/ticket_agency/framework/db/ar/CActiveRecord.php(372): CActiveRecordMetaData->__construct()
#7 /vagrant/wamp/www/ticket_agency/application/protected/models/Users.php(40): model()
#8 /vagrant/wamp/www/ticket_agency/application/protected/extensions/CreateUrl.php(177): model()
#9 /vagrant/wamp/www/ticket_agency/application/protected/extensions/CreateUrl.php(277): CreateUrl->checkAuth()
#10 /vagrant/wamp/www/ticket_agency/application/protected/components/Controller.php(90): CreateUrl->checkAccess()
#11 /vagrant/wamp/www/ticket_agency/framework/web/CController.php(298): TbController->beforeAction()
#12 /vagrant/wamp/www/ticket_agency/framework/web/filters/CFilterChain.php(134): TbController->runAction()
#13 /vagrant/wamp/www/ticket_agency/framework/web/filters/CFilter.php(41): CFilterChain->run()
#14 /vagrant/wamp/www/ticket_agency/framework/web/CController.php(1144): CAccessControlFilter->filter()
#15 /vagrant/wamp/www/ticket_agency/framework/web/filters/CInlineFilter.php(59): TbController->filterAccessControl()
#16 /vagrant/wamp/www/ticket_agency/framework/web/filters/CFilterChain.php(131): CInlineFilter->filter()
#17 /vagrant/wamp/www/ticket_agency/framework/web/CController.php(283): CFilterChain->run()
#18 /vagrant/wamp/www/ticket_agency/framework/web/CController.php(257): TbController->runActionWithFilters()
#19 /vagrant/wamp/www/ticket_agency/framework/web/CWebApplication.php(277): TbController->run()
#20 /vagrant/wamp/www/ticket_agency/framework/web/CWebApplication.php(136): CWebApplication->runController()
#21 /vagrant/wamp/www/ticket_agency/framework/base/CApplication.php(159): CWebApplication->processRequest()
#22 /vagrant/wamp/www/ticket_agency/application/index.php(27): CWebApplication->run()
REQUEST_URI=/channel/tb/
2015/03/17 16:30:13 [error] [php] PDO::__construct(): [2002] Connection timed out (trying to connect via tcp://192.168.1.14:3306) (/vagrant/wamp/www/ticket_agency/framework/db/CDbConnection.php:405)
Stack trace:
#0 /vagrant/wamp/www/ticket_agency/framework/db/CDbConnection.php(313): CDbConnection->open()
#1 /vagrant/wamp/www/ticket_agency/framework/db/CDbConnection.php(291): CDbConnection->setActive()
#2 /vagrant/wamp/www/ticket_agency/framework/base/CModule.php(372): CDbConnection->init()
#3 /vagrant/wamp/www/ticket_agency/framework/base/CModule.php(86): CWebApplication->getComponent()
#4 /vagrant/wamp/www/ticket_agency/common/components/UActiveRecord.php(96): CWebApplication->__get()
#5 /vagrant/wamp/www/ticket_agency/framework/db/ar/CActiveRecord.php(2275): Users->getDbConnection()
#6 /vagrant/wamp/www/ticket_agency/framework/db/ar/CActiveRecord.php(372): CActiveRecordMetaData->__construct()
#7 /vagrant/wamp/www/ticket_agency/application/protected/models/Users.php(40): model()
#8 /vagrant/wamp/www/ticket_agency/application/protected/extensions/CreateUrl.php(177): model()
#9 /vagrant/wamp/www/ticket_agency/application/protected/extensions/CreateUrl.php(277): CreateUrl->checkAuth()
#10 /vagrant/wamp/www/ticket_agency/application/protected/components/Controller.php(90): CreateUrl->checkAccess()
#11 /vagrant/wamp/www/ticket_agency/framework/web/CController.php(298): TbController->beforeAction()
#12 /vagrant/wamp/www/ticket_agency/framework/web/filters/CFilterChain.php(134): TbController->runAction()
#13 /vagrant/wamp/www/ticket_agency/framework/web/filters/CFilter.php(41): CFilterChain->run()
#14 /vagrant/wamp/www/ticket_agency/framework/web/CController.php(1144): CAccessControlFilter->filter()
#15 /vagrant/wamp/www/ticket_agency/framework/web/filters/CInlineFilter.php(59): TbController->filterAccessControl()
#16 /vagrant/wamp/www/ticket_agency/framework/web/filters/CFilterChain.php(131): CInlineFilter->filter()
#17 /vagrant/wamp/www/ticket_agency/framework/web/CController.php(283): CFilterChain->run()
#18 /vagrant/wamp/www/ticket_agency/framework/web/CController.php(257): TbController->runActionWithFilters()
#19 /vagrant/wamp/www/ticket_agency/framework/web/CWebApplication.php(277): TbController->run()
#20 /vagrant/wamp/www/ticket_agency/framework/web/CWebApplication.php(136): CWebApplication->runController()
#21 /vagrant/wamp/www/ticket_agency/framework/base/CApplication.php(159): CWebApplication->processRequest()
#22 /vagrant/wamp/www/ticket_agency/application/index.php(27): CWebApplication->run()
REQUEST_URI=/channel/tb/
2015/03/17 17:44:30 [error] [php] Undefined offset: 0 (/vagrant/wamp/www/ticket_agency/application/protected/controllers/channel/TbController.php:132)
Stack trace:
#0 /vagrant/wamp/www/ticket_agency/framework/web/filters/CFilterChain.php(134): TbController->runAction()
#1 /vagrant/wamp/www/ticket_agency/framework/web/filters/CFilter.php(41): CFilterChain->run()
#2 /vagrant/wamp/www/ticket_agency/framework/web/CController.php(1144): CAccessControlFilter->filter()
#3 /vagrant/wamp/www/ticket_agency/framework/web/filters/CInlineFilter.php(59): TbController->filterAccessControl()
#4 /vagrant/wamp/www/ticket_agency/framework/web/filters/CFilterChain.php(131): CInlineFilter->filter()
#5 /vagrant/wamp/www/ticket_agency/framework/web/CController.php(283): CFilterChain->run()
#6 /vagrant/wamp/www/ticket_agency/framework/web/CController.php(257): TbController->runActionWithFilters()
#7 /vagrant/wamp/www/ticket_agency/framework/web/CWebApplication.php(277): TbController->run()
#8 /vagrant/wamp/www/ticket_agency/framework/web/CWebApplication.php(136): CWebApplication->runController()
#9 /vagrant/wamp/www/ticket_agency/framework/base/CApplication.php(159): CWebApplication->processRequest()
#10 /vagrant/wamp/www/ticket_agency/application/index.php(27): CWebApplication->run()
REQUEST_URI=/channel/tb/code/
2015/03/17 17:45:42 [error] [php] Undefined offset: 0 (/vagrant/wamp/www/ticket_agency/application/protected/controllers/channel/TbController.php:132)
Stack trace:
#0 /vagrant/wamp/www/ticket_agency/framework/web/filters/CFilterChain.php(134): TbController->runAction()
#1 /vagrant/wamp/www/ticket_agency/framework/web/filters/CFilter.php(41): CFilterChain->run()
#2 /vagrant/wamp/www/ticket_agency/framework/web/CController.php(1144): CAccessControlFilter->filter()
#3 /vagrant/wamp/www/ticket_agency/framework/web/filters/CInlineFilter.php(59): TbController->filterAccessControl()
#4 /vagrant/wamp/www/ticket_agency/framework/web/filters/CFilterChain.php(131): CInlineFilter->filter()
#5 /vagrant/wamp/www/ticket_agency/framework/web/CController.php(283): CFilterChain->run()
#6 /vagrant/wamp/www/ticket_agency/framework/web/CController.php(257): TbController->runActionWithFilters()
#7 /vagrant/wamp/www/ticket_agency/framework/web/CWebApplication.php(277): TbController->run()
#8 /vagrant/wamp/www/ticket_agency/framework/web/CWebApplication.php(136): CWebApplication->runController()
#9 /vagrant/wamp/www/ticket_agency/framework/base/CApplication.php(159): CWebApplication->processRequest()
#10 /vagrant/wamp/www/ticket_agency/application/index.php(27): CWebApplication->run()
REQUEST_URI=/channel/tb/code/
2015/03/17 17:52:36 [error] [php] Undefined offset: 0 (/vagrant/wamp/www/ticket_agency/application/protected/controllers/channel/TbController.php:132)
Stack trace:
#0 /vagrant/wamp/www/ticket_agency/framework/web/filters/CFilterChain.php(134): TbController->runAction()
#1 /vagrant/wamp/www/ticket_agency/framework/web/filters/CFilter.php(41): CFilterChain->run()
#2 /vagrant/wamp/www/ticket_agency/framework/web/CController.php(1144): CAccessControlFilter->filter()
#3 /vagrant/wamp/www/ticket_agency/framework/web/filters/CInlineFilter.php(59): TbController->filterAccessControl()
#4 /vagrant/wamp/www/ticket_agency/framework/web/filters/CFilterChain.php(131): CInlineFilter->filter()
#5 /vagrant/wamp/www/ticket_agency/framework/web/CController.php(283): CFilterChain->run()
#6 /vagrant/wamp/www/ticket_agency/framework/web/CController.php(257): TbController->runActionWithFilters()
#7 /vagrant/wamp/www/ticket_agency/framework/web/CWebApplication.php(277): TbController->run()
#8 /vagrant/wamp/www/ticket_agency/framework/web/CWebApplication.php(136): CWebApplication->runController()
#9 /vagrant/wamp/www/ticket_agency/framework/base/CApplication.php(159): CWebApplication->processRequest()
#10 /vagrant/wamp/www/ticket_agency/application/index.php(27): CWebApplication->run()
REQUEST_URI=/channel/tb/code/
2015/03/17 17:52:40 [error] [php] Undefined offset: 0 (/vagrant/wamp/www/ticket_agency/application/protected/controllers/channel/TbController.php:132)
Stack trace:
#0 /vagrant/wamp/www/ticket_agency/framework/web/filters/CFilterChain.php(134): TbController->runAction()
#1 /vagrant/wamp/www/ticket_agency/framework/web/filters/CFilter.php(41): CFilterChain->run()
#2 /vagrant/wamp/www/ticket_agency/framework/web/CController.php(1144): CAccessControlFilter->filter()
#3 /vagrant/wamp/www/ticket_agency/framework/web/filters/CInlineFilter.php(59): TbController->filterAccessControl()
#4 /vagrant/wamp/www/ticket_agency/framework/web/filters/CFilterChain.php(131): CInlineFilter->filter()
#5 /vagrant/wamp/www/ticket_agency/framework/web/CController.php(283): CFilterChain->run()
#6 /vagrant/wamp/www/ticket_agency/framework/web/CController.php(257): TbController->runActionWithFilters()
#7 /vagrant/wamp/www/ticket_agency/framework/web/CWebApplication.php(277): TbController->run()
#8 /vagrant/wamp/www/ticket_agency/framework/web/CWebApplication.php(136): CWebApplication->runController()
#9 /vagrant/wamp/www/ticket_agency/framework/base/CApplication.php(159): CWebApplication->processRequest()
#10 /vagrant/wamp/www/ticket_agency/application/index.php(27): CWebApplication->run()
REQUEST_URI=/channel/tb/code/
2015/03/18 16:14:03 [error] [php] Undefined offset: 0 (/vagrant/wamp/www/ticket_agency/application/protected/controllers/channel/TbController.php:132)
Stack trace:
#0 /vagrant/wamp/www/ticket_agency/framework/web/filters/CFilterChain.php(134): TbController->runAction()
#1 /vagrant/wamp/www/ticket_agency/framework/web/filters/CFilter.php(41): CFilterChain->run()
#2 /vagrant/wamp/www/ticket_agency/framework/web/CController.php(1144): CAccessControlFilter->filter()
#3 /vagrant/wamp/www/ticket_agency/framework/web/filters/CInlineFilter.php(59): TbController->filterAccessControl()
#4 /vagrant/wamp/www/ticket_agency/framework/web/filters/CFilterChain.php(131): CInlineFilter->filter()
#5 /vagrant/wamp/www/ticket_agency/framework/web/CController.php(283): CFilterChain->run()
#6 /vagrant/wamp/www/ticket_agency/framework/web/CController.php(257): TbController->runActionWithFilters()
#7 /vagrant/wamp/www/ticket_agency/framework/web/CWebApplication.php(277): TbController->run()
#8 /vagrant/wamp/www/ticket_agency/framework/web/CWebApplication.php(136): CWebApplication->runController()
#9 /vagrant/wamp/www/ticket_agency/framework/base/CApplication.php(159): CWebApplication->processRequest()
#10 /vagrant/wamp/www/ticket_agency/application/index.php(27): CWebApplication->run()
REQUEST_URI=/channel/tb/code/
2015/03/18 16:30:03 [error] [php] Undefined offset: 0 (/vagrant/wamp/www/ticket_agency/application/protected/controllers/channel/TbController.php:132)
Stack trace:
#0 /vagrant/wamp/www/ticket_agency/framework/web/filters/CFilterChain.php(134): TbController->runAction()
#1 /vagrant/wamp/www/ticket_agency/framework/web/filters/CFilter.php(41): CFilterChain->run()
#2 /vagrant/wamp/www/ticket_agency/framework/web/CController.php(1144): CAccessControlFilter->filter()
#3 /vagrant/wamp/www/ticket_agency/framework/web/filters/CInlineFilter.php(59): TbController->filterAccessControl()
#4 /vagrant/wamp/www/ticket_agency/framework/web/filters/CFilterChain.php(131): CInlineFilter->filter()
#5 /vagrant/wamp/www/ticket_agency/framework/web/CController.php(283): CFilterChain->run()
#6 /vagrant/wamp/www/ticket_agency/framework/web/CController.php(257): TbController->runActionWithFilters()
#7 /vagrant/wamp/www/ticket_agency/framework/web/CWebApplication.php(277): TbController->run()
#8 /vagrant/wamp/www/ticket_agency/framework/web/CWebApplication.php(136): CWebApplication->runController()
#9 /vagrant/wamp/www/ticket_agency/framework/base/CApplication.php(159): CWebApplication->processRequest()
#10 /vagrant/wamp/www/ticket_agency/application/index.php(27): CWebApplication->run()
REQUEST_URI=/channel/tb/code/
2015/03/20 14:34:31 [error] [exception.CHttpException.404] exception 'CHttpException' with message '无法解析请求 "hm.js"。' in D:\SOURCE\ticket_agency\framework\web\CWebApplication.php:281
Stack trace:
#0 D:\SOURCE\ticket_agency\framework\web\CWebApplication.php(136): CWebApplication->runController('hm.js')
#1 D:\SOURCE\ticket_agency\framework\base\CApplication.php(159): CWebApplication->processRequest()
#2 D:\SOURCE\ticket_agency\application\index.php(27): CApplication->run()
#3 {main} REQUEST_URI=/hm.js?4457f8eb25299a7dfde85c6ce9fe98c5
2015/03/20 14:37:32 [error] [exception.CHttpException.404] exception 'CHttpException' with message '无法解析请求 "hm.js"。' in D:\SOURCE\ticket_agency\framework\web\CWebApplication.php:281
Stack trace:
#0 D:\SOURCE\ticket_agency\framework\web\CWebApplication.php(136): CWebApplication->runController('hm.js')
#1 D:\SOURCE\ticket_agency\framework\base\CApplication.php(159): CWebApplication->processRequest()
#2 D:\SOURCE\ticket_agency\application\index.php(27): CApplication->run()
#3 {main} REQUEST_URI=/hm.js?4457f8eb25299a7dfde85c6ce9fe98c5
2015/03/20 14:45:10 [error] [exception.CHttpException.404] exception 'CHttpException' with message '无法解析请求 "hm.js"。' in D:\SOURCE\ticket_agency\framework\web\CWebApplication.php:281
Stack trace:
#0 D:\SOURCE\ticket_agency\framework\web\CWebApplication.php(136): CWebApplication->runController('hm.js')
#1 D:\SOURCE\ticket_agency\framework\base\CApplication.php(159): CWebApplication->processRequest()
#2 D:\SOURCE\ticket_agency\application\index.php(27): CApplication->run()
#3 {main} REQUEST_URI=/hm.js?4457f8eb25299a7dfde85c6ce9fe98c5
2015/03/20 14:45:21 [error] [exception.CHttpException.404] exception 'CHttpException' with message '无法解析请求 "hm.js"。' in D:\SOURCE\ticket_agency\framework\web\CWebApplication.php:281
Stack trace:
#0 D:\SOURCE\ticket_agency\framework\web\CWebApplication.php(136): CWebApplication->runController('hm.js')
#1 D:\SOURCE\ticket_agency\framework\base\CApplication.php(159): CWebApplication->processRequest()
#2 D:\SOURCE\ticket_agency\application\index.php(27): CApplication->run()
#3 {main} REQUEST_URI=/hm.js?4457f8eb25299a7dfde85c6ce9fe98c5
2015/03/20 14:45:35 [error] [exception.CHttpException.404] exception 'CHttpException' with message '无法解析请求 "hm.js"。' in D:\SOURCE\ticket_agency\framework\web\CWebApplication.php:281
Stack trace:
#0 D:\SOURCE\ticket_agency\framework\web\CWebApplication.php(136): CWebApplication->runController('hm.js')
#1 D:\SOURCE\ticket_agency\framework\base\CApplication.php(159): CWebApplication->processRequest()
#2 D:\SOURCE\ticket_agency\application\index.php(27): CApplication->run()
#3 {main} REQUEST_URI=/hm.js?4457f8eb25299a7dfde85c6ce9fe98c5
2015/03/20 14:45:48 [error] [exception.CHttpException.404] exception 'CHttpException' with message '无法解析请求 "hm.js"。' in D:\SOURCE\ticket_agency\framework\web\CWebApplication.php:281
Stack trace:
#0 D:\SOURCE\ticket_agency\framework\web\CWebApplication.php(136): CWebApplication->runController('hm.js')
#1 D:\SOURCE\ticket_agency\framework\base\CApplication.php(159): CWebApplication->processRequest()
#2 D:\SOURCE\ticket_agency\application\index.php(27): CApplication->run()
#3 {main} REQUEST_URI=/hm.js?4457f8eb25299a7dfde85c6ce9fe98c5
2015/03/20 14:45:51 [error] [exception.CHttpException.404] exception 'CHttpException' with message '无法解析请求 "hm.js"。' in D:\SOURCE\ticket_agency\framework\web\CWebApplication.php:281
Stack trace:
#0 D:\SOURCE\ticket_agency\framework\web\CWebApplication.php(136): CWebApplication->runController('hm.js')
#1 D:\SOURCE\ticket_agency\framework\base\CApplication.php(159): CWebApplication->processRequest()
#2 D:\SOURCE\ticket_agency\application\index.php(27): CApplication->run()
#3 {main} REQUEST_URI=/hm.js?4457f8eb25299a7dfde85c6ce9fe98c5
2015/03/20 14:45:53 [error] [exception.CHttpException.404] exception 'CHttpException' with message '无法解析请求 "hm.js"。' in D:\SOURCE\ticket_agency\framework\web\CWebApplication.php:281
Stack trace:
#0 D:\SOURCE\ticket_agency\framework\web\CWebApplication.php(136): CWebApplication->runController('hm.js')
#1 D:\SOURCE\ticket_agency\framework\base\CApplication.php(159): CWebApplication->processRequest()
#2 D:\SOURCE\ticket_agency\application\index.php(27): CApplication->run()
#3 {main} REQUEST_URI=/hm.js?4457f8eb25299a7dfde85c6ce9fe98c5
2015/03/20 14:46:02 [error] [exception.CHttpException.404] exception 'CHttpException' with message '无法解析请求 "hm.js"。' in D:\SOURCE\ticket_agency\framework\web\CWebApplication.php:281
Stack trace:
#0 D:\SOURCE\ticket_agency\framework\web\CWebApplication.php(136): CWebApplication->runController('hm.js')
#1 D:\SOURCE\ticket_agency\framework\base\CApplication.php(159): CWebApplication->processRequest()
#2 D:\SOURCE\ticket_agency\application\index.php(27): CApplication->run()
#3 {main} REQUEST_URI=/hm.js?4457f8eb25299a7dfde85c6ce9fe98c5
2015/03/20 14:46:09 [error] [exception.CHttpException.404] exception 'CHttpException' with message '无法解析请求 "hm.js"。' in D:\SOURCE\ticket_agency\framework\web\CWebApplication.php:281
Stack trace:
#0 D:\SOURCE\ticket_agency\framework\web\CWebApplication.php(136): CWebApplication->runController('hm.js')
#1 D:\SOURCE\ticket_agency\framework\base\CApplication.php(159): CWebApplication->processRequest()
#2 D:\SOURCE\ticket_agency\application\index.php(27): CApplication->run()
#3 {main} REQUEST_URI=/hm.js?4457f8eb25299a7dfde85c6ce9fe98c5
